app/build/outputs/mapping/release/seeds.txt
com.sizzling.apps.fakesms.FakesmsActivity
com.sizzling.apps.fakesms.FakesmsActivity: FakesmsActivity()
com.sizzling.apps.fakesms.FakesmsActivity: void showTimePicker(android.view.View)
com.sizzling.apps.fakesms.FakesmsActivity: void showDatePicker(android.view.View)
com.sizzling.apps.fakesms.FakesmsActivity: void pickContactClicked(android.view.View)
com.sizzling.apps.fakesms.R$anim: int abc_fade_in
com.sizzling.apps.fakesms.R$anim: int abc_fade_out
com.sizzling.apps.fakesms.R$anim: int abc_grow_fade_in_from_bottom
com.sizzling.apps.fakesms.R$anim: int abc_popup_enter
com.sizzling.apps.fakesms.R$anim: int abc_popup_exit
com.sizzling.apps.fakesms.R$anim: int abc_shrink_fade_out_from_bottom
com.sizzling.apps.fakesms.R$anim: int abc_slide_in_bottom
com.sizzling.apps.fakesms.R$anim: int abc_slide_in_top
com.sizzling.apps.fakesms.R$anim: int abc_slide_out_bottom
com.sizzling.apps.fakesms.R$anim: int abc_slide_out_top
com.sizzling.apps.fakesms.R$anim: int design_bottom_sheet_slide_in
com.sizzling.apps.fakesms.R$anim: int design_bottom_sheet_slide_out
com.sizzling.apps.fakesms.R$anim: int design_snackbar_in
com.sizzling.apps.fakesms.R$anim: int design_snackbar_out
com.sizzling.apps.fakesms.R$anim: int tooltip_enter
com.sizzling.apps.fakesms.R$anim: int tooltip_exit
com.sizzling.apps.fakesms.R$animator: int design_appbar_state_list_animator
com.sizzling.apps.fakesms.R$attr: int actionBarDivider
com.sizzling.apps.fakesms.R$attr: int actionBarItemBackground
com.sizzling.apps.fakesms.R$attr: int actionBarPopupTheme
com.sizzling.apps.fakesms.R$attr: int actionBarSize
com.sizzling.apps.fakesms.R$attr: int actionBarSplitStyle
com.sizzling.apps.fakesms.R$attr: int actionBarStyle
com.sizzling.apps.fakesms.R$attr: int actionBarTabBarStyle
com.sizzling.apps.fakesms.R$attr: int actionBarTabStyle
com.sizzling.apps.fakesms.R$attr: int actionBarTabTextStyle
com.sizzling.apps.fakesms.R$attr: int actionBarTheme
com.sizzling.apps.fakesms.R$attr: int actionBarWidgetTheme
com.sizzling.apps.fakesms.R$attr: int actionButtonStyle
com.sizzling.apps.fakesms.R$attr: int actionDropDownStyle
com.sizzling.apps.fakesms.R$attr: int actionLayout
com.sizzling.apps.fakesms.R$attr: int actionMenuTextAppearance
com.sizzling.apps.fakesms.R$attr: int actionMenuTextColor
com.sizzling.apps.fakesms.R$attr: int actionModeBackground
com.sizzling.apps.fakesms.R$attr: int actionModeCloseButtonStyle
com.sizzling.apps.fakesms.R$attr: int actionModeCloseDrawable
com.sizzling.apps.fakesms.R$attr: int actionModeCopyDrawable
com.sizzling.apps.fakesms.R$attr: int actionModeCutDrawable
com.sizzling.apps.fakesms.R$attr: int actionModeFindDrawable
com.sizzling.apps.fakesms.R$attr: int actionModePasteDrawable
com.sizzling.apps.fakesms.R$attr: int actionModePopupWindowStyle
com.sizzling.apps.fakesms.R$attr: int actionModeSelectAllDrawable
com.sizzling.apps.fakesms.R$bool: int abc_action_bar_embed_tabs
com.sizzling.apps.fakesms.R$bool: int abc_allow_stacked_button_bar
com.sizzling.apps.fakesms.R$bool: int abc_config_actionMenuItemAllCaps
com.sizzling.apps.fakesms.R$bool: int abc_config_closeDialogWhenTouchOutside
com.sizzling.apps.fakesms.R$bool: int abc_config_showMenuShortcutsWhenKeyboardPresent
...
com.google.android.gms.internal.zzatq: android.os.Parcelable$Creator CREATOR
com.google.android.gms.internal.zzauq: android.os.Parcelable$Creator CREATOR
com.google.android.gms.internal.zzayx: android.os.Parcelable$Creator CREATOR
com.google.android.gms.internal.zzayz: android.os.Parcelable$Creator CREATOR
com.google.android.gms.internal.zzbak: android.os.Parcelable$Creator CREATOR
com.google.android.gms.internal.zzban: android.os.Parcelable$Creator CREATOR
com.google.android.gms.internal.zzbar: android.os.Parcelable$Creator CREATOR
com.google.android.gms.internal.zzbau: android.os.Parcelable$Creator CREATOR
com.google.android.gms.internal.zzbaw: android.os.Parcelable$Creator CREATOR
com.google.android.gms.internal.zzdp: android.os.Parcelable$Creator CREATOR
com.google.android.gms.internal.zzds: android.os.Parcelable$Creator CREATOR
com.google.android.gms.internal.zzec: android.os.Parcelable$Creator CREATOR
com.google.android.gms.internal.zzeg: android.os.Parcelable$Creator CREATOR
com.google.android.gms.internal.zzew$zza: zzew$zza()
com.google.android.gms.internal.zzew$zza: com.google.android.gms.internal.zzew asInterface(android.os.IBinder)
com.google.android.gms.internal.zzew$zza: android.os.IBinder asBinder()
com.google.android.gms.internal.zzew$zza: boolean onTransact(int,android.os.Parcel,android.os.Parcel,int)
com.google.android.gms.internal.zzfc: android.os.Parcelable$Creator CREATOR
com.google.android.gms.internal.zzfp: android.os.Parcelable$Creator CREATOR
com.google.android.gms.internal.zzft: android.os.Parcelable$Creator CREATOR
com.google.android.gms.internal.zzhc: android.os.Parcelable$Creator CREATOR
com.google.android.gms.internal.zzl$zza: com.google.android.gms.internal.zzl$zza[] values()
com.google.android.gms.internal.zzmk: android.os.Parcelable$Creator CREATOR
com.google.android.gms.internal.zzmn: android.os.Parcelable$Creator CREATOR
com.google.android.gms.internal.zzmp: android.os.Parcelable$Creator CREATOR
com.google.android.gms.internal.zzmr: android.os.Parcelable$Creator CREATOR
com.google.android.gms.internal.zzmv: android.os.Parcelable$Creator CREATOR
com.google.android.gms.internal.zzmy: android.os.Parcelable$Creator CREATOR
com.google.android.gms.internal.zzoa: android.os.Parcelable$Creator CREATOR
com.google.android.gms.internal.zzoo: android.os.Parcelable$Creator CREATOR
com.google.android.gms.internal.zzor: android.os.Parcelable$Creator CREATOR
com.google.android.gms.internal.zzqh: android.os.Parcelable$Creator CREATOR
com.google.android.gms.internal.zzzm: android.os.Parcelable$Creator CREATOR
com.google.android.gms.internal.zzzu: android.os.Parcelable$Creator CREATOR
com.google.android.gms.location.places.PlaceReport
com.google.android.gms.location.places.PlaceReport: android.os.Parcelable$Creator CREATOR