app/build/outputs/mapping/release/mapping.txt
com.sizzling.apps.fakesms.FakesmsActivity -> com.sizzling.apps.fakesms.FakesmsActivity:
    int SELECT_PHONE_NUMBER -> l
    boolean adShown -> m
    java.lang.String phoneNumber -> n
    java.lang.String message -> o
    java.lang.String time -> p
    java.lang.String folderName -> q
    java.lang.String defaultSmsApp -> r
    android.widget.Button timePickBtn -> s
    android.widget.Button datePickBtn -> t
    android.widget.TimePicker tp -> u
    android.widget.DatePicker dp -> v
    android.widget.EditText tnum -> w
    java.lang.String[] array_spinner -> A
    com.google.android.gms.ads.AdView mAdView -> B
    com.google.android.gms.ads.NativeExpressAdView nativeAdView -> x
    boolean testingMode -> y
    com.google.android.gms.ads.InterstitialAd mInterstitialAd -> z
    void <init>() -> <init>
    void onCreate(android.os.Bundle) -> onCreate
    void requestNewInterstitial() -> j
    boolean saveSms() -> k
    void onActivityResult(int,int,android.content.Intent) -> onActivityResult
    void showTimePicker(android.view.View) -> showTimePicker
    boolean onCreateOptionsMenu(android.view.Menu) -> onCreateOptionsMenu
    boolean onOptionsItemSelected(android.view.MenuItem) -> onOptionsItemSelected
    void rateApp() -> l
    void showDatePicker(android.view.View) -> showDatePicker
    void pickContactClicked(android.view.View) -> pickContactClicked
    java.lang.String[] access$000(com.sizzling.apps.fakesms.FakesmsActivity) -> a
    void <clinit>() -> <clinit>
com.sizzling.apps.fakesms.FakesmsActivity$1 -> com.sizzling.apps.fakesms.FakesmsActivity$1:
    android.widget.EditText val$tbody -> a
    android.widget.Spinner val$s -> b
    com.sizzling.apps.fakesms.FakesmsActivity this$0 -> c
    void <init>(com.sizzling.apps.fakesms.FakesmsActivity,android.widget.EditText,android.widget.Spinner) -> <init>
    void onClick(android.view.View) -> onClick
com.sizzling.apps.fakesms.FakesmsActivity$2 -> com.sizzling.apps.fakesms.FakesmsActivity$2:
    android.widget.EditText val$tbody -> a
    com.sizzling.apps.fakesms.FakesmsActivity this$0 -> b
    void <init>(com.sizzling.apps.fakesms.FakesmsActivity,android.widget.EditText) -> <init>
    void onClick(android.view.View) -> onClick
com.sizzling.apps.fakesms.FakesmsActivity$3 -> com.sizzling.apps.fakesms.FakesmsActivity$3:
    com.sizzling.apps.fakesms.FakesmsActivity this$0 -> a
    void <init>(com.sizzling.apps.fakesms.FakesmsActivity) -> <init>
    void onTimeSet(android.widget.TimePicker,int,int) -> onTimeSet
com.sizzling.apps.fakesms.FakesmsActivity$4 -> com.sizzling.apps.fakesms.FakesmsActivity$4:
    android.view.View val$view -> a
    com.sizzling.apps.fakesms.FakesmsActivity this$0 -> b
    void <init>(com.sizzling.apps.fakesms.FakesmsActivity,android.view.View) -> <init>
    void onDateSet(android.widget.DatePicker,int,int,int) -> onDateSet
com.sizzling.apps.fakesms.SplashActivity -> com.sizzling.apps.fakesms.SplashActivity:
    com.google.android.gms.ads.InterstitialAd mInterstitialAd -> l
    boolean adShown -> m
    void <init>() -> <init>
    void onCreate(android.os.Bundle) -> onCreate
    void requestNewInterstitial() -> j
    void enterApp(android.view.View) -> enterApp
...
android.support.v4.view.ActionProvider$VisibilityListener -> android.support.v4.j.c$b:
    void onActionProviderVisibilityChanged(boolean) -> a
android.support.v4.view.GravityCompat -> android.support.v4.j.d:
    void apply(int,int,int,android.graphics.Rect,android.graphics.Rect,int) -> a
    int getAbsoluteGravity(int,int) -> a
android.support.v4.view.LayoutInflaterCompat -> android.support.v4.j.e:
    java.lang.reflect.Field sLayoutInflaterFactory2Field -> b
    boolean sCheckedField -> c
    android.support.v4.view.LayoutInflaterCompat$LayoutInflaterCompatBaseImpl IMPL -> a
    void forceSetFactory2(android.view.LayoutInflater,android.view.LayoutInflater$Factory2) -> a
    void setFactory2(android.view.LayoutInflater,android.view.LayoutInflater$Factory2) -> b
    void <clinit>() -> <clinit>
android.support.v4.view.LayoutInflaterCompat$LayoutInflaterCompatApi21Impl -> android.support.v4.j.e$a:
    void <init>() -> <init>
    void setFactory2(android.view.LayoutInflater,android.view.LayoutInflater$Factory2) -> a
android.support.v4.view.LayoutInflaterCompat$LayoutInflaterCompatBaseImpl -> android.support.v4.j.e$b:
    void <init>() -> <init>
    void setFactory2(android.view.LayoutInflater,android.view.LayoutInflater$Factory2) -> a
android.support.v4.view.MarginLayoutParamsCompat -> android.support.v4.j.f:
    int getMarginStart(android.view.ViewGroup$MarginLayoutParams) -> a
    int getMarginEnd(android.view.ViewGroup$MarginLayoutParams) -> b
android.support.v4.view.MenuItemCompat -> android.support.v4.j.g:
    android.support.v4.view.MenuItemCompat$MenuVersionImpl IMPL -> a
    android.view.MenuItem setActionProvider(android.view.MenuItem,android.support.v4.view.ActionProvider) -> a
    void setContentDescription(android.view.MenuItem,java.lang.CharSequence) -> a
    void setTooltipText(android.view.MenuItem,java.lang.CharSequence) -> b
    void setNumericShortcut(android.view.MenuItem,char,int) -> a
    void setAlphabeticShortcut(android.view.MenuItem,char,int) -> b
    void setIconTintList(android.view.MenuItem,android.content.res.ColorStateList) -> a
    void setIconTintMode(android.view.MenuItem,android.graphics.PorterDuff$Mode) -> a
    void <clinit>() -> <clinit>
android.support.v4.view.MenuItemCompat$MenuItemCompatApi26Impl -> android.support.v4.j.g$a:
    void <init>() -> <init>
    void setContentDescription(android.view.MenuItem,java.lang.CharSequence) -> a
    void setTooltipText(android.view.MenuItem,java.lang.CharSequence) -> b
    void setAlphabeticShortcut(android.view.MenuItem,char,int) -> a
    void setNumericShortcut(android.view.MenuItem,char,int) -> b
    void setIconTintList(android.view.MenuItem,android.content.res.ColorStateList) -> a
    void setIconTintMode(android.view.MenuItem,android.graphics.PorterDuff$Mode) -> a
android.support.v4.view.MenuItemCompat$MenuItemCompatBaseImpl -> android.support.v4.j.g$b:
    void <init>() -> <init>
    void setContentDescription(android.view.MenuItem,java.lang.CharSequence) -> a
    void setTooltipText(android.view.MenuItem,java.lang.CharSequence) -> b
    void setAlphabeticShortcut(android.view.MenuItem,char,int) -> a
    void setNumericShortcut(android.view.MenuItem,char,int) -> b
    void setIconTintList(android.view.MenuItem,android.content.res.ColorStateList) -> a
    void setIconTintMode(android.view.MenuItem,android.graphics.PorterDuff$Mode) -> a
android.support.v4.view.MenuItemCompat$MenuVersionImpl -> android.support.v4.j.g$c:
    void setContentDescription(android.view.MenuItem,java.lang.CharSequence) -> a
    void setTooltipText(android.view.MenuItem,java.lang.CharSequence) -> b
    void setAlphabeticShortcut(android.view.MenuItem,char,int) -> a
    void setNumericShortcut(android.view.MenuItem,char,int) -> b
    void setIconTintList(android.view.MenuItem,android.content.res.ColorStateList) -> a
    void setIconTintMode(android.view.MenuItem,android.graphics.PorterDuff$Mode) -> a