app/build/outputs/mapping/release/usage.txt
com.sizzling.apps.fakesms.BuildConfig
com.sizzling.apps.fakesms.FakesmsActivity:
    352:361:void showMoreApps()
com.sizzling.apps.fakesms.Manifest
com.sizzling.apps.fakesms.Manifest$permission
com.sizzling.apps.fakesms.R
com.sizzling.apps.fakesms.R$anim
com.sizzling.apps.fakesms.R$animator
com.sizzling.apps.fakesms.R$attr
com.sizzling.apps.fakesms.R$bool
com.sizzling.apps.fakesms.R$color
com.sizzling.apps.fakesms.R$dimen
com.sizzling.apps.fakesms.R$drawable
com.sizzling.apps.fakesms.R$id
com.sizzling.apps.fakesms.R$integer
com.sizzling.apps.fakesms.R$layout
com.sizzling.apps.fakesms.R$menu
com.sizzling.apps.fakesms.R$mipmap
com.sizzling.apps.fakesms.R$string
com.sizzling.apps.fakesms.R$style
com.sizzling.apps.fakesms.R$styleable
...
android.support.v4.media.MediaBrowserCompatApi21$ConnectionCallback
android.support.v4.media.MediaBrowserCompatApi21$ConnectionCallbackProxy
android.support.v4.media.MediaBrowserCompatApi21$MediaItem
android.support.v4.media.MediaBrowserCompatApi21$SubscriptionCallback
android.support.v4.media.MediaBrowserCompatApi21$SubscriptionCallbackProxy
android.support.v4.media.MediaBrowserCompatApi23
android.support.v4.media.MediaBrowserCompatApi23$ItemCallback
android.support.v4.media.MediaBrowserCompatApi23$ItemCallbackProxy
android.support.v4.media.MediaBrowserCompatApi24
android.support.v4.media.MediaBrowserCompatApi24$SubscriptionCallback
android.support.v4.media.MediaBrowserCompatApi24$SubscriptionCallbackProxy
android.support.v4.media.MediaBrowserCompatUtils
android.support.v4.media.MediaBrowserProtocol
android.support.v4.media.MediaBrowserServiceCompat
android.support.v4.media.MediaBrowserServiceCompat$1
android.support.v4.media.MediaBrowserServiceCompat$2
android.support.v4.media.MediaBrowserServiceCompat$3
android.support.v4.media.MediaBrowserServiceCompat$4
android.support.v4.media.MediaBrowserServiceCompat$BrowserRoot
android.support.v4.media.MediaBrowserServiceCompat$ConnectionRecord
android.support.v4.media.MediaBrowserServiceCompat$MediaBrowserServiceImpl
android.support.v4.media.MediaBrowserServiceCompat$MediaBrowserServiceImplApi21
android.support.v4.media.MediaBrowserServiceCompat$MediaBrowserServiceImplApi21$1
android.support.v4.media.MediaBrowserServiceCompat$MediaBrowserServiceImplApi21$2
android.support.v4.media.MediaBrowserServiceCompat$MediaBrowserServiceImplApi21$3
android.support.v4.media.MediaBrowserServiceCompat$MediaBrowserServiceImplApi23
android.support.v4.media.MediaBrowserServiceCompat$MediaBrowserServiceImplApi23$1
android.support.v4.media.MediaBrowserServiceCompat$MediaBrowserServiceImplApi24
android.support.v4.media.MediaBrowserServiceCompat$MediaBrowserServiceImplApi24$1
android.support.v4.media.MediaBrowserServiceCompat$MediaBrowserServiceImplBase
android.support.v4.media.MediaBrowserServiceCompat$MediaBrowserServiceImplBase$1
android.support.v4.media.MediaBrowserServiceCompat$MediaBrowserServiceImplBase$2
android.support.v4.media.MediaBrowserServiceCompat$Result
android.support.v4.media.MediaBrowserServiceCompat$ResultFlags
android.support.v4.media.MediaBrowserServiceCompat$ServiceBinderImpl
android.support.v4.media.MediaBrowserServiceCompat$ServiceBinderImpl$1
android.support.v4.media.MediaBrowserServiceCompat$ServiceBinderImpl$2
android.support.v4.media.MediaBrowserServiceCompat$ServiceBinderImpl$3
android.support.v4.media.MediaBrowserServiceCompat$ServiceBinderImpl$4
android.support.v4.media.MediaBrowserServiceCompat$ServiceBinderImpl$5
android.support.v4.media.MediaBrowserServiceCompat$ServiceBinderImpl$6
android.support.v4.media.MediaBrowserServiceCompat$ServiceBinderImpl$7
android.support.v4.media.MediaBrowserServiceCompat$ServiceBinderImpl$8
android.support.v4.media.MediaBrowserServiceCompat$ServiceBinderImpl$9
android.support.v4.media.MediaBrowserServiceCompat$ServiceCallbacks
android.support.v4.media.MediaBrowserServiceCompat$ServiceCallbacksCompat
android.support.v4.media.MediaBrowserServiceCompat$ServiceHandler
android.support.v4.media.MediaBrowserServiceCompatApi21
android.support.v4.media.MediaBrowserServiceCompatApi21$BrowserRoot
android.support.v4.media.MediaBrowserServiceCompatApi21$MediaBrowserServiceAdaptor
android.support.v4.media.MediaBrowserServiceCompatApi21$ResultWrapper
android.support.v4.media.MediaBrowserServiceCompatApi21$ServiceCompatProxy
android.support.v4.media.MediaBrowserServiceCompatApi23
android.support.v4.media.MediaBrowserServiceCompatApi23$MediaBrowserServiceAdaptor
android.support.v4.media.MediaBrowserServiceCompatApi23$ServiceCompatProxy
android.support.v4.media.MediaBrowserServiceCompatApi24
android.support.v4.media.MediaBrowserServiceCompatApi24$MediaBrowserServiceAdaptor
android.support.v4.media.MediaBrowserServiceCompatApi24$ResultWrapper